 CPU FUNCTION                                 
  23  -> sdioctl                               
              genunix`ldi_ioctl+0x60
              zfs`vdev_disk_io_start+0xe4
              zfs`zio_execute+0x124
              zfs`zio_start+0x24
              zfs`vdev_uberblock_sync_list+0x94
              zfs`vdev_config_sync+0x11c
              zfs`spa_sync+0x6e0
              zfs`txg_sync_thread+0x1f8
              unix`thread_start+0x4

  23   | sdioctl:entry                         
  23    -> getminor                            
  23    <- getminor                            
  23    -> ddi_get_soft_state                  
  23    <- ddi_get_soft_state                  
  23    -> mutex_owned                         
  23    <- mutex_owned                         
  23    -> sd_ssc_alloc                        
  23      -> mutex_owned                       
  23      <- mutex_owned                       
  23      -> kmem_zalloc                       
  23        -> kmem_cache_alloc                
  23          -> kmem_depot_alloc              
  23          <- kmem_depot_alloc              
  23          -> kmem_depot_free               
  23          <- kmem_depot_free               
  23          -> kmem_cpu_reload               
  23          <- kmem_cpu_reload               
  23          -> kmem_cache_alloc_debug        
  23            -> verify_and_copy_pattern     
  23            <- verify_and_copy_pattern     
  23            -> getpcstack                  
  23            <- getpcstack                  
  23            -> kmem_log_enter              
  23            <- kmem_log_enter              
  23          <- kmem_cache_alloc_debug        
  23        <- kmem_cache_alloc                
  23      <- kmem_zalloc                       
  23      -> scsi_uscsi_alloc                  
  23        -> kmem_zalloc                     
  23          -> kmem_cache_alloc              
  23            -> kmem_depot_alloc            
  23            <- kmem_depot_alloc            
  23            -> kmem_depot_free             
  23            <- kmem_depot_free             
  23            -> kmem_cpu_reload             
  23            <- kmem_cpu_reload             
  23            -> kmem_cache_alloc_debug      
  23              -> verify_and_copy_pattern   
  23              <- verify_and_copy_pattern   
  23              -> getpcstack                
  23              <- getpcstack                
  23              -> kmem_log_enter            
  23              <- kmem_log_enter            
  23            <- kmem_cache_alloc_debug      
  23          <- kmem_cache_alloc              
  23        <- kmem_zalloc                     
  23      <- scsi_uscsi_alloc                  
  23    <- sd_ssc_alloc                        
  23    -> cmlb_is_valid                       
  23    <- cmlb_is_valid                       
  23    -> scsi_device_isremoved               
  23    <- scsi_device_isremoved               
  23    -> ndi_devi_device_isremoved           
  23    <- ndi_devi_device_isremoved           
  23    -> cmlb_ioctl_secpolicy                
  23    <- cmlb_ioctl_secpolicy                
  23    -> sd_send_scsi_SYNCHRONIZE_CACHE      
  23      -> sd_log_trace                      
  23      <- sd_log_trace                      
  23      -> mutex_owned                       
  23      <- mutex_owned                       
  23      -> sd_ssc_alloc                      
  23        -> mutex_owned                     
  23        <- mutex_owned                     
  23        -> kmem_zalloc                     
  23          -> kmem_cache_alloc              
  23            -> kmem_cache_alloc_debug      
  23              -> verify_and_copy_pattern   
  23              <- verify_and_copy_pattern   
  23              -> getpcstack                
  23              <- getpcstack                
  23              -> kmem_log_enter            
  23              <- kmem_log_enter            
  23            <- kmem_cache_alloc_debug      
  23          <- kmem_cache_alloc              
  23        <- kmem_zalloc                     
  23        -> scsi_uscsi_alloc                
  23          -> kmem_zalloc                   
  23            -> kmem_cache_alloc            
  23              -> kmem_cache_alloc_debug    
  23                -> verify_and_copy_pattern 
  23                <- verify_and_copy_pattern 
  23                -> getpcstack              
  23                <- getpcstack              
  23                -> kmem_log_enter          
  23                <- kmem_log_enter          
  23              <- kmem_cache_alloc_debug    
  23            <- kmem_cache_alloc            
  23          <- kmem_zalloc                   
  23        <- scsi_uscsi_alloc                
  23      <- sd_ssc_alloc                      
  23      -> kmem_zalloc                       
  23        -> kmem_cache_alloc                
  23          -> kmem_cache_alloc_debug        
  23            -> verify_and_copy_pattern     
  23            <- verify_and_copy_pattern     
  23            -> getpcstack                  
  23            <- getpcstack                  
  23            -> kmem_log_enter              
  23            <- kmem_log_enter              
  23          <- kmem_cache_alloc_debug        
  23        <- kmem_cache_alloc                
  23      <- kmem_zalloc                       
  23      -> kmem_zalloc                       
  23        -> kmem_cache_alloc                
  23          -> kmem_cache_alloc_debug        
  23            -> verify_and_copy_pattern     
  23            <- verify_and_copy_pattern     
  23            -> getpcstack                  
  23            <- getpcstack                  
  23            -> kmem_log_enter              
  23            <- kmem_log_enter              
  23          <- kmem_cache_alloc_debug        
  23        <- kmem_cache_alloc                
  23      <- kmem_zalloc                       
  23      -> getrbuf                           
  23        -> kmem_alloc                      
  23          -> kmem_cache_alloc              
  23            -> kmem_cache_alloc_debug      
  23              -> verify_and_copy_pattern   
  23              <- verify_and_copy_pattern   
  23              -> getpcstack                
  23              <- getpcstack                
  23              -> kmem_log_enter            
  23              <- kmem_log_enter            
  23            <- kmem_cache_alloc_debug      
  23          <- kmem_cache_alloc              
  23        <- kmem_alloc                      
  23        -> bioinit                         
  23          -> sema_init                     
  23          <- sema_init                     
  23          -> sema_init                     
  23          <- sema_init                     
  23        <- bioinit                         
  23      <- getrbuf                           
  23      -> sd_make_device                    
  23        -> ddi_driver_major                
  23        <- ddi_driver_major                
  23        -> ddi_get_instance                
  23        <- ddi_get_instance                
  23      <- sd_make_device                    
  23      -> makedevice                        
  23      <- makedevice                        
  23      -> sd_uscsi_strategy                 
  23        -> getminor                        
  23        <- getminor                        
  23        -> ddi_get_soft_state              
  23        <- ddi_get_soft_state              
  23        -> mutex_owned                     
  23        <- mutex_owned                     
  23        -> sd_log_trace                    
  23        <- sd_log_trace                    
  23        -> sd_xbuf2ssc                     
  23        <- sd_xbuf2ssc                     
  23        -> sd_log_info                     
  23        <- sd_log_info                     
  23        -> sd_xbuf_init                    
  23          -> sd_log_info                   
  23          <- sd_log_info                   
  23          -> bioerror                      
  23            -> sema_held                   
  23            <- sema_held                   
  23          <- bioerror                      
  23        <- sd_xbuf_init                    
  23        -> sd_log_info                     
  23        <- sd_log_info                     
  23        -> sd_core_iostart                 
  23          -> mutex_owned                   
  23          <- mutex_owned                   
  23          -> sd_log_trace                  
  23          <- sd_log_trace                  
  23          -> sd_add_buf_to_waitq           
  23            -> mutex_owned                 
  23            <- mutex_owned                 
  23          <- sd_add_buf_to_waitq           
  23          -> sd_start_cmds                 
  23            -> mutex_owned                 
  23            <- mutex_owned                 
  23            -> sd_log_trace                
  23            <- sd_log_trace                
  23            -> ddi_in_panic                
  23            <- ddi_in_panic                
  23            -> sd_log_trace                
  23            <- sd_log_trace                
  23            -> sd_initpkt_for_uscsi        
  23              -> mutex_owned               
  23              <- mutex_owned               
  23              -> sd_log_trace              
  23              <- sd_log_trace              
  23              -> scsi_init_pkt             
  23                -> vhci_scsi_init_pkt      
  23                  -> scsi_hba_pkt_alloc    
  23                    -> kmem_zalloc         
  23                      -> kmem_cache_alloc  
  23                        -> kmem_cache_alloc_debug 
  23                          -> verify_and_copy_pattern 
  23                          <- verify_and_copy_pattern 
  23                          -> getpcstack    
  23                          <- getpcstack    
  23                          -> kmem_log_enter 
  23                          <- kmem_log_enter 
  23                        <- kmem_cache_alloc_debug 
  23                      <- kmem_cache_alloc  
  23                    <- kmem_zalloc         
  23                  <- scsi_hba_pkt_alloc    
  23                  -> mdi_pi_bitset_init    
  23                  <- mdi_pi_bitset_init    
  23                  -> bitset_init_mem       
  23                  <- bitset_init_mem       
  23                <- vhci_scsi_init_pkt      
  23              <- scsi_init_pkt             
  23              -> scsi_setup_cdb            
  23              <- scsi_setup_cdb            
  23              -> scsi_uscsi_pktinit        
  23                -> scsi_pkt_allocated_correctly 
  23                  -> ddi_driver_major      
  23                  <- ddi_driver_major      
  23                <- scsi_pkt_allocated_correctly 
  23              <- scsi_uscsi_pktinit        
  23              -> sd_log_trace              
  23              <- sd_log_trace              
  23            <- sd_initpkt_for_uscsi        
  23            -> sd_log_trace                
  23            <- sd_log_trace                
  23            -> sd_log_trace                
  23            <- sd_log_trace                
  23            -> scsi_transport              
  23              -> ddi_driver_major          
  23              <- ddi_driver_major          
  23              -> scsi_pkt_allocated_correctly 
  23                -> ddi_driver_major        
  23                <- ddi_driver_major        
  23              <- scsi_pkt_allocated_correctly 
  23              -> scsi_address_device       
  23              <- scsi_address_device       
  23            <- scsi_transport              
  23            -> vhci_scsi_start             
  23              -> scsi_address_device       
  23              <- scsi_address_device       
  23              -> scsi_device_hba_private_get 
  23              <- scsi_device_hba_private_get 
  23              -> scsi_address_device       
  23              <- scsi_address_device       
  23              -> ddi_get_instance          
  23              <- ddi_get_instance          
  23              -> vhci_bind_transport       
  23                -> scsi_address_device     
  23                <- scsi_address_device     
  23                -> scsi_address_device     
  23                <- scsi_address_device     
  23                -> scsi_device_hba_private_get 
  23                <- scsi_device_hba_private_get 
  23                -> scsi_pkt_allocated_correctly 
  23                  -> ddi_driver_major      
  23                  <- ddi_driver_major      
  23                <- scsi_pkt_allocated_correctly 
  23                -> mdi_select_path         
  23                  -> i_devi_get_client     
  23                  <- i_devi_get_client     
  23                  -> i_ddi_devi_attached   
  23                  <- i_ddi_devi_attached   
  23                  -> bitset_is_null        
  23                  <- bitset_is_null        
  23                  -> bitset_and            
  23                  <- bitset_and            
  23                  -> bitset_copy           
  23                  <- bitset_copy           
  23                  -> i_mdi_shortest_lb     
  23                    -> bitset_in_set       
  23                    <- bitset_in_set       
  23                  <- i_mdi_shortest_lb     
  23                  -> bitset_in_set         
  23                  <- bitset_in_set         
  23                  -> mdi_pi_get_idx        
  23                  <- mdi_pi_get_idx        
  23                  -> bitset_del            
  23                  <- bitset_del            
  23                <- mdi_select_path         
  23                -> mdi_pi_get_vhci_private 
  23                <- mdi_pi_get_vhci_private 
  23                -> scsi_init_pkt           
  23                  -> scsi_cache_init_pkt   
  23                    -> kmem_cache_alloc    
  23                      -> kmem_cache_alloc_debug 
  23                        -> verify_and_copy_pattern 
  23                        <- verify_and_copy_pattern 
  23                        -> scsi_cache_pkt_constructor 
  23                          -> scsi_cache_pkt_len 
  23                          <- scsi_cache_pkt_len 
  23                          -> ddi_dma_alloc_handle 
  23                            -> pcieb_dma_allochdl 
  23                            <- pcieb_dma_allochdl 
  23                            -> pcieb_dma_allochdl 
  23                            <- pcieb_dma_allochdl 
  23                            -> pcieb_dma_allochdl 
  23                            <- pcieb_dma_allochdl 
  23                            -> px_dma_allochdl 
  23                              -> ddi_get_instance 
  23                              <- ddi_get_instance 
  23                              -> ddi_get_soft_state 
  23                              <- ddi_get_soft_state 
  23                              -> ddi_driver_name 
  23                                -> ddi_driver_major 
  23                                <- ddi_driver_major 
  23                              <- ddi_driver_name 
  23                              -> ddi_major_to_name 
  23                              <- ddi_major_to_name 
  23                              -> mod_major_to_name 
  23                                -> driver_installed 
  23                                  -> major_valid 
  23                                  <- major_valid 
  23                                <- driver_installed 
  23                              <- mod_major_to_name 
  23                              -> ddi_get_instance 
  23                              <- ddi_get_instance 
  23                              -> px_dbg    
  23                              <- px_dbg    
  23                              -> px_dma_allocmp 
  23                                -> pci_mmu_get 
  23                                  -> pcie_get_pci_parent 
  23                                    -> ndi_port_type 
  23                                    <- ndi_port_type 
  23                                    -> ndi_get_bus_private 
  23                                    <- ndi_get_bus_private 
  23                                  <- pcie_get_pci_parent 
  23                                  -> px_pci_mmu_attach 
  23                                    -> ndi_port_type 
  23                                    <- ndi_port_type 
  23                                    -> ndi_get_bus_private 
  23                                    <- ndi_get_bus_private 
  23                                  <- px_pci_mmu_attach 
  23                                  -> ndi_port_type 
  23                                  <- ndi_port_type 
  23                                  -> ndi_get_bus_private 
  23                                  <- ndi_get_bus_private 
  23                                <- pci_mmu_get 
  23                                -> kmem_alloc 
  23                                  -> kmem_cache_alloc 
  23                                    -> kmem_cache_alloc_debug 
  23                                      -> verify_and_copy_pattern 
  23                                      <- verify_and_copy_pattern 
  23                                      -> getpcstack 
  23                                      <- getpcstack 
  23                                      -> kmem_log_enter 
  23                                      <- kmem_log_enter 
  23                                    <- kmem_cache_alloc_debug 
  23                                  <- kmem_cache_alloc 
  23                                <- kmem_alloc 
  23                                -> ndi_fmc_insert 
  23                                  -> kmem_cache_alloc 
  23                                    -> kmem_depot_alloc 
  23                                    <- kmem_depot_alloc 
  23                                    -> kmem_depot_free 
  23                                    <- kmem_depot_free 
  23                                    -> kmem_cpu_reload 
  23                                    <- kmem_cpu_reload 
  23                                    -> kmem_cache_alloc_debug 
  23                                      -> verify_and_copy_pattern 
  23                                      <- verify_and_copy_pattern 
  23                                      -> getpcstack 
  23                                      <- getpcstack 
  23                                      -> kmem_log_enter 
  23                                      <- kmem_log_enter 
  23                                    <- kmem_cache_alloc_debug 
  23                                  <- kmem_cache_alloc 
  23                                  -> mutex_vector_enter 
  23                                  <- mutex_vector_enter 
  23                                <- ndi_fmc_insert 
  23                                -> mutex_vector_exit 
  23                                <- mutex_vector_exit 
  23                              <- px_dma_allocmp 
  23                              -> px_dbg    
  23                              <- px_dbg    
  23                              -> px_dma_attr2hdl 
  23                                -> px_dbg  
  23                                <- px_dbg  
  23                                -> px_dbg  
  23                                <- px_dbg  
  23                                -> px_dbg  
  23                                <- px_dbg  
  23                                -> px_dbg  
  23                                <- px_dbg  
  23                              <- px_dma_attr2hdl 
  23                            <- px_dma_allochdl 
  23                          <- ddi_dma_alloc_handle 
  23                          -> scsi_hba_pkt_setup_rsp_dma 
  23                            -> scsi_hba_dma_rsp_alloc 
  23                              -> scsi_hba_dma_vmem_alloc_common 
  23                                -> vmem_xalloc 
  23                                  -> lowbit 
  23                                  <- lowbit 
  23                                  -> vmem_seg_alloc 
  23                                    -> vmem_freelist_delete 
  23                                    <- vmem_freelist_delete 
  23                                    -> vmem_seg_create 
  23                                      -> vmem_getseg 
  23                                      <- vmem_getseg 
  23                                    <- vmem_seg_create 
  23                                    -> vmem_freelist_insert 
  23                                      -> highbit 
  23                                      <- highbit 
  23                                    <- vmem_freelist_insert 
  23                                    -> cv_broadcast 
  23                                    <- cv_broadcast 
  23                                    -> vmem_hash_insert 
  23                                      -> getpcstack 
  23                                      <- getpcstack 
  23                                    <- vmem_hash_insert 
  23                                  <- vmem_seg_alloc 
  23                                <- vmem_xalloc 
  23                              <- scsi_hba_dma_vmem_alloc_common 
  23                            <- scsi_hba_dma_rsp_alloc 
  23                            -> scsi_hba_dma_vaddr2cookie 
  23                            <- scsi_hba_dma_vaddr2cookie 
  23                          <- scsi_hba_pkt_setup_rsp_dma 
  23                        <- scsi_cache_pkt_constructor 
  23                        -> getpcstack      
  23                        <- getpcstack      
  23                        -> kmem_log_enter  
  23                        <- kmem_log_enter  
  23                      <- kmem_cache_alloc_debug 
  23                    <- kmem_cache_alloc    
  23                    -> mptsas_scsi_setup_pkt 
  23                      -> scsi_pkt2rsp_dma_cookie 
  23                      <- scsi_pkt2rsp_dma_cookie 
  23                      -> scsi_pkt2rsp_dma_vaddr 
  23                      <- scsi_pkt2rsp_dma_vaddr 
  23                      -> scsi_pkt2rsp_dma_acc_hdl 
  23                      <- scsi_pkt2rsp_dma_acc_hdl 
  23                      -> scsi_pkt2rsp_dma_handle 
  23                      <- scsi_pkt2rsp_dma_handle 
  23                    <- mptsas_scsi_setup_pkt 
  23                  <- scsi_cache_init_pkt   
  23                <- scsi_init_pkt           
  23              <- vhci_bind_transport       
  23              -> vhci_update_pHCI_pkt      
  23              <- vhci_update_pHCI_pkt      
  23              -> mdi_pi_get_vhci_private   
  23              <- mdi_pi_get_vhci_private   
  23              -> scsi_pkt_allocated_correctly 
  23                -> ddi_driver_major        
  23                <- ddi_driver_major        
  23              <- scsi_pkt_allocated_correctly 
  23              -> mdi_pi_get_path_instance  
  23              <- mdi_pi_get_path_instance  
  23              -> scsi_address_device       
  23              <- scsi_address_device       
  23              -> scsi_device_state_generation 
  23              <- scsi_device_state_generation 
  23              -> mdi_pi_kstat_queueupdate  
  23              <- mdi_pi_kstat_queueupdate  
  23              -> scsi_transport            
  23                -> ddi_driver_major        
  23                <- ddi_driver_major        
  23                -> scsi_pkt_allocated_correctly 
  23                  -> ddi_driver_major      
  23                  <- ddi_driver_major      
  23                <- scsi_pkt_allocated_correctly 
  23                -> scsi_address_device     
  23                <- scsi_address_device     
  23                -> scsi_device_pending_unconfig 
  23                <- scsi_device_pending_unconfig 
  23                -> dam_addrid_pending_uncfg 
  23                  -> bitset_in_set         
  23                  <- bitset_in_set         
  23                <- dam_addrid_pending_uncfg 
  23                -> scsi_pkt2bp             
  23                <- scsi_pkt2bp             
  23              <- scsi_transport            
  23              -> mptsas_scsi_start         
  23                -> mptsas_addr_to_tgt      
  23                  -> scsi_address_device   
  23                  <- scsi_address_device   
  23                  -> scsi_device_hba_private_get 
  23                  <- scsi_device_hba_private_get 
  23                <- mptsas_addr_to_tgt      
  23              <- mptsas_scsi_start         
  23              -> mptsas_accept_pkt         
  23                -> mptsas_save_cmd         
  23                  -> list_head             
  23                  <- list_head             
  23                  -> list_head             
  23                  <- list_head             
  23                  -> list_remove           
  23                  <- list_remove           
  23                <- mptsas_save_cmd         
  23                -> mptsas_start_cmd        
  23                  -> mptsas_check_dma_handle 
  23                    -> ddi_fm_dma_err_get  
  23                    <- ddi_fm_dma_err_get  
  23                  <- mptsas_check_dma_handle 
  23                  -> mptsas_check_acc_handle 
  23                    -> ddi_fm_acc_err_get  
  23                    <- ddi_fm_acc_err_get  
  23                  <- mptsas_check_acc_handle 
  23                <- mptsas_start_cmd        
  23              <- mptsas_accept_pkt         
  23            <- vhci_scsi_start             
  23            -> sd_log_trace                
  23            <- sd_log_trace                
  23            -> ddi_in_panic                
  23            <- ddi_in_panic                
  23            -> sd_log_trace                
  23            <- sd_log_trace                
  23            -> mutex_owned                 
  23            <- mutex_owned                 
  23          <- sd_start_cmds                 
  23          -> sd_log_trace                  
  23          <- sd_log_trace                  
  23        <- sd_core_iostart                 
  23        -> sd_log_trace                    
  23        <- sd_log_trace                    
  23        -> sd_log_trace                    
  23        <- sd_log_trace                    
  23      <- sd_uscsi_strategy                 
  23    <- sd_send_scsi_SYNCHRONIZE_CACHE      
  23    -> sd_ssc_free                         
  23      -> scsi_uscsi_free                   
  23      <- scsi_uscsi_free                   
  23      -> kmem_free                         
  23      <- kmem_free                         
  23      -> kmem_cache_free                   
  23        -> kmem_cache_free_debug           
  23          -> kmem_log_enter                
  23          <- kmem_log_enter                
  23          -> getpcstack                    
  23          <- getpcstack                    
  23          -> kmem_log_enter                
  23          <- kmem_log_enter                
  23          -> copy_pattern                  
  23          <- copy_pattern                  
  23        <- kmem_cache_free_debug           
  23      <- kmem_cache_free                   
  23    <- sd_ssc_free                         
  23    -> kmem_free                           
  23    <- kmem_free                           
  23    -> kmem_cache_free                     
  23      -> kmem_cache_free_debug             
  23        -> kmem_log_enter                  
  23        <- kmem_log_enter                  
  23        -> getpcstack                      
  23        <- getpcstack                      
  23        -> kmem_log_enter                  
  23        <- kmem_log_enter                  
  23        -> copy_pattern                    
  23        <- copy_pattern                    
  23      <- kmem_cache_free_debug             
  23    <- kmem_cache_free                     
  23    -> sd_log_trace                        
  23    <- sd_log_trace                        
  23   | sdioctl:return                        
  23  <- sdioctl
----------------------------------------------------

  44  -> sdioctl                               
              genunix`ldi_ioctl+0x60
              zfs`vdev_disk_io_start+0xe4
              zfs`zio_execute+0x124
              zfs`zio_start+0x24
              zfs`vdev_config_sync+0xbc
              zfs`spa_sync+0x6e0
              zfs`txg_sync_thread+0x1f8
              unix`thread_start+0x4

  44   | sdioctl:entry                         
  44    -> getminor                            
  44    <- getminor                            
  44    -> ddi_get_soft_state                  
  44    <- ddi_get_soft_state                  
  44    -> mutex_owned                         
  44    <- mutex_owned                         
  44    -> sd_ssc_alloc                        
  44      -> mutex_owned                       
  44      <- mutex_owned                       
  44      -> kmem_zalloc                       
  44        -> kmem_cache_alloc                
  44          -> kmem_cache_alloc_debug        
  44            -> verify_and_copy_pattern     
  44            <- verify_and_copy_pattern     
  44            -> getpcstack                  
  44            <- getpcstack                  
  44            -> kmem_log_enter              
  44            <- kmem_log_enter              
  44          <- kmem_cache_alloc_debug        
  44        <- kmem_cache_alloc                
  44      <- kmem_zalloc                       
  44      -> scsi_uscsi_alloc                  
  44        -> kmem_zalloc                     
  44          -> kmem_cache_alloc              
  44            -> kmem_cache_alloc_debug      
  44              -> verify_and_copy_pattern   
  44              <- verify_and_copy_pattern   
  44              -> getpcstack                
  44              <- getpcstack                
  44              -> kmem_log_enter            
  44              <- kmem_log_enter            
  44            <- kmem_cache_alloc_debug      
  44          <- kmem_cache_alloc              
  44        <- kmem_zalloc                     
  44      <- scsi_uscsi_alloc                  
  44    <- sd_ssc_alloc                        
  44    -> cmlb_is_valid                       
  44    <- cmlb_is_valid                       
  44    -> scsi_device_isremoved               
  44    <- scsi_device_isremoved               
  44    -> ndi_devi_device_isremoved           
  44    <- ndi_devi_device_isremoved           
  44    -> cmlb_ioctl_secpolicy                
  44    <- cmlb_ioctl_secpolicy                
  44    -> sd_send_scsi_SYNCHRONIZE_CACHE      
  44      -> sd_log_trace                      
  44      <- sd_log_trace                      
  44      -> mutex_owned                       
  44      <- mutex_owned                       
  44      -> sd_ssc_alloc                      
  44        -> mutex_owned                     
  44        <- mutex_owned                     
  44        -> kmem_zalloc                     
  44          -> kmem_cache_alloc              
  44            -> kmem_depot_alloc            
  44            <- kmem_depot_alloc            
  44            -> kmem_depot_free             
  44            <- kmem_depot_free             
  44            -> kmem_cpu_reload             
  44            <- kmem_cpu_reload             
  44            -> kmem_cache_alloc_debug      
  44              -> verify_and_copy_pattern   
  44              <- verify_and_copy_pattern   
  44              -> getpcstack                
  44              <- getpcstack                
  44              -> kmem_log_enter            
  44              <- kmem_log_enter            
  44            <- kmem_cache_alloc_debug      
  44          <- kmem_cache_alloc              
  44        <- kmem_zalloc                     
  44        -> scsi_uscsi_alloc                
  44          -> kmem_zalloc                   
  44            -> kmem_cache_alloc            
  44              -> kmem_cache_alloc_debug    
  44                -> verify_and_copy_pattern 
  44                <- verify_and_copy_pattern 
  44                -> getpcstack              
  44                <- getpcstack              
  44                -> kmem_log_enter          
  44                <- kmem_log_enter          
  44              <- kmem_cache_alloc_debug    
  44            <- kmem_cache_alloc            
  44          <- kmem_zalloc                   
  44        <- scsi_uscsi_alloc                
  44      <- sd_ssc_alloc                      
  44      -> kmem_zalloc                       
  44        -> kmem_cache_alloc                
  44          -> kmem_cache_alloc_debug        
  44            -> verify_and_copy_pattern     
  44            <- verify_and_copy_pattern     
  44            -> getpcstack                  
  44            <- getpcstack                  
  44            -> kmem_log_enter              
  44            <- kmem_log_enter              
  44          <- kmem_cache_alloc_debug        
  44        <- kmem_cache_alloc                
  44      <- kmem_zalloc                       
  44      -> kmem_zalloc                       
  44        -> kmem_cache_alloc                
  44          -> kmem_cache_alloc_debug        
  44            -> verify_and_copy_pattern     
  44            <- verify_and_copy_pattern     
  44            -> getpcstack                  
  44            <- getpcstack                  
  44            -> kmem_log_enter              
  44            <- kmem_log_enter              
  44          <- kmem_cache_alloc_debug        
  44        <- kmem_cache_alloc                
  44      <- kmem_zalloc                       
  44      -> getrbuf                           
  44        -> kmem_alloc                      
  44          -> kmem_cache_alloc              
  44            -> kmem_cache_alloc_debug      
  44              -> verify_and_copy_pattern   
  44              <- verify_and_copy_pattern   
  44              -> getpcstack                
  44              <- getpcstack                
  44              -> kmem_log_enter            
  44              <- kmem_log_enter            
  44            <- kmem_cache_alloc_debug      
  44          <- kmem_cache_alloc              
  44        <- kmem_alloc                      
  44        -> bioinit                         
  44          -> sema_init                     
  44          <- sema_init                     
  44          -> sema_init                     
  44          <- sema_init                     
  44        <- bioinit                         
  44      <- getrbuf                           
  44      -> sd_make_device                    
  44        -> ddi_driver_major                
  44        <- ddi_driver_major                
  44        -> ddi_get_instance                
  44        <- ddi_get_instance                
  44      <- sd_make_device                    
  44      -> makedevice                        
  44      <- makedevice                        
  44      -> sd_uscsi_strategy                 
  44        -> getminor                        
  44        <- getminor                        
  44        -> ddi_get_soft_state              
  44        <- ddi_get_soft_state              
  44        -> mutex_owned                     
  44        <- mutex_owned                     
  44        -> sd_log_trace                    
  44        <- sd_log_trace                    
  44        -> sd_xbuf2ssc                     
  44        <- sd_xbuf2ssc                     
  44        -> sd_log_info                     
  44        <- sd_log_info                     
  44        -> sd_xbuf_init                    
  44          -> sd_log_info                   
  44          <- sd_log_info                   
  44          -> bioerror                      
  44            -> sema_held                   
  44            <- sema_held                   
  44          <- bioerror                      
  44        <- sd_xbuf_init                    
  44        -> sd_log_info                     
  44        <- sd_log_info                     
  44        -> sd_core_iostart                 
  44          -> mutex_owned                   
  44          <- mutex_owned                   
  44          -> sd_log_trace                  
  44          <- sd_log_trace                  
  44          -> sd_add_buf_to_waitq           
  44            -> mutex_owned                 
  44            <- mutex_owned                 
  44          <- sd_add_buf_to_waitq           
  44          -> sd_start_cmds                 
  44            -> mutex_owned                 
  44            <- mutex_owned                 
  44            -> sd_log_trace                
  44            <- sd_log_trace                
  44            -> ddi_in_panic                
  44            <- ddi_in_panic                
  44            -> sd_log_trace                
  44            <- sd_log_trace                
  44            -> sd_initpkt_for_uscsi        
  44              -> mutex_owned               
  44              <- mutex_owned               
  44              -> sd_log_trace              
  44              <- sd_log_trace              
  44              -> scsi_init_pkt             
  44                -> vhci_scsi_init_pkt      
  44                  -> scsi_hba_pkt_alloc    
  44                    -> kmem_zalloc         
  44                      -> kmem_cache_alloc  
  44                        -> kmem_depot_alloc 
  44                        <- kmem_depot_alloc 
  44                        -> kmem_depot_free 
  44                        <- kmem_depot_free 
  44                        -> kmem_cpu_reload 
  44                        <- kmem_cpu_reload 
  44                        -> kmem_cache_alloc_debug 
  44                          -> verify_and_copy_pattern 
  44                          <- verify_and_copy_pattern 
  44                          -> getpcstack    
  44                          <- getpcstack    
  44                          -> kmem_log_enter 
  44                          <- kmem_log_enter 
  44                        <- kmem_cache_alloc_debug 
  44                      <- kmem_cache_alloc  
  44                    <- kmem_zalloc         
  44                  <- scsi_hba_pkt_alloc    
  44                  -> mdi_pi_bitset_init    
  44                  <- mdi_pi_bitset_init    
  44                  -> bitset_init_mem       
  44                  <- bitset_init_mem       
  44                <- vhci_scsi_init_pkt      
  44              <- scsi_init_pkt             
  44              -> scsi_setup_cdb            
  44              <- scsi_setup_cdb            
  44              -> scsi_uscsi_pktinit        
  44                -> scsi_pkt_allocated_correctly 
  44                  -> ddi_driver_major      
  44                  <- ddi_driver_major      
  44                <- scsi_pkt_allocated_correctly 
  44              <- scsi_uscsi_pktinit        
  44              -> sd_log_trace              
  44              <- sd_log_trace              
  44            <- sd_initpkt_for_uscsi        
  44            -> sd_log_trace                
  44            <- sd_log_trace                
  44            -> sd_log_trace                
  44            <- sd_log_trace                
  44            -> scsi_transport              
  44              -> ddi_driver_major          
  44              <- ddi_driver_major          
  44              -> scsi_pkt_allocated_correctly 
  44                -> ddi_driver_major        
  44                <- ddi_driver_major        
  44              <- scsi_pkt_allocated_correctly 
  44              -> scsi_address_device       
  44              <- scsi_address_device       
  44            <- scsi_transport              
  44            -> vhci_scsi_start             
  44              -> scsi_address_device       
  44              <- scsi_address_device       
  44              -> scsi_device_hba_private_get 
  44              <- scsi_device_hba_private_get 
  44              -> scsi_address_device       
  44              <- scsi_address_device       
  44              -> ddi_get_instance          
  44              <- ddi_get_instance          
  44              -> vhci_bind_transport       
  44                -> scsi_address_device     
  44                <- scsi_address_device     
  44                -> scsi_address_device     
  44                <- scsi_address_device     
  44                -> scsi_device_hba_private_get 
  44                <- scsi_device_hba_private_get 
  44                -> scsi_pkt_allocated_correctly 
  44                  -> ddi_driver_major      
  44                  <- ddi_driver_major      
  44                <- scsi_pkt_allocated_correctly 
  44                -> mdi_select_path         
  44                  -> i_devi_get_client     
  44                  <- i_devi_get_client     
  44                  -> i_ddi_devi_attached   
  44                  <- i_ddi_devi_attached   
  44                  -> bitset_is_null        
  44                  <- bitset_is_null        
  44                  -> bitset_and            
  44                  <- bitset_and            
  44                  -> bitset_copy           
  44                  <- bitset_copy           
  44                  -> i_mdi_shortest_lb     
  44                    -> bitset_in_set       
  44                    <- bitset_in_set       
  44                  <- i_mdi_shortest_lb     
  44                  -> bitset_in_set         
  44                  <- bitset_in_set         
  44                  -> mdi_pi_get_idx        
  44                  <- mdi_pi_get_idx        
  44                  -> bitset_del            
  44                  <- bitset_del            
  44                <- mdi_select_path         
  44                -> mdi_pi_get_vhci_private 
  44                <- mdi_pi_get_vhci_private 
  44                -> scsi_init_pkt           
  44                  -> scsi_cache_init_pkt   
  44                    -> kmem_cache_alloc    
  44                      -> kmem_cache_alloc_debug 
  44                        -> verify_and_copy_pattern 
  44                        <- verify_and_copy_pattern 
  44                        -> scsi_cache_pkt_constructor 
  44                          -> scsi_cache_pkt_len 
  44                          <- scsi_cache_pkt_len 
  44                          -> ddi_dma_alloc_handle 
  44                            -> pcieb_dma_allochdl 
  44                            <- pcieb_dma_allochdl 
  44                            -> pcieb_dma_allochdl 
  44                            <- pcieb_dma_allochdl 
  44                            -> pcieb_dma_allochdl 
  44                            <- pcieb_dma_allochdl 
  44                            -> px_dma_allochdl 
  44                              -> ddi_get_instance 
  44                              <- ddi_get_instance 
  44                              -> ddi_get_soft_state 
  44                              <- ddi_get_soft_state 
  44                              -> ddi_driver_name 
  44                                -> ddi_driver_major 
  44                                <- ddi_driver_major 
  44                              <- ddi_driver_name 
  44                              -> ddi_major_to_name 
  44                              <- ddi_major_to_name 
  44                              -> mod_major_to_name 
  44                                -> driver_installed 
  44                                  -> major_valid 
  44                                  <- major_valid 
  44                                <- driver_installed 
  44                              <- mod_major_to_name 
  44                              -> ddi_get_instance 
  44                              <- ddi_get_instance 
  44                              -> px_dbg    
  44                              <- px_dbg    
  44                              -> px_dma_allocmp 
  44                                -> pci_mmu_get 
  44                                  -> pcie_get_pci_parent 
  44                                    -> ndi_port_type 
  44                                    <- ndi_port_type 
  44                                    -> ndi_get_bus_private 
  44                                    <- ndi_get_bus_private 
  44                                  <- pcie_get_pci_parent 
  44                                  -> px_pci_mmu_attach 
  44                                    -> ndi_port_type 
  44                                    <- ndi_port_type 
  44                                    -> ndi_get_bus_private 
  44                                    <- ndi_get_bus_private 
  44                                  <- px_pci_mmu_attach 
  44                                  -> ndi_port_type 
  44                                  <- ndi_port_type 
  44                                  -> ndi_get_bus_private 
  44                                  <- ndi_get_bus_private 
  44                                <- pci_mmu_get 
  44                                -> kmem_alloc 
  44                                  -> kmem_cache_alloc 
  44                                    -> kmem_cache_alloc_debug 
  44                                      -> verify_and_copy_pattern 
  44                                      <- verify_and_copy_pattern 
  44                                      -> getpcstack 
  44                                      <- getpcstack 
  44                                      -> kmem_log_enter 
  44                                      <- kmem_log_enter 
  44                                    <- kmem_cache_alloc_debug 
  44                                  <- kmem_cache_alloc 
  44                                <- kmem_alloc 
  44                                -> ndi_fmc_insert 
  44                                  -> kmem_cache_alloc 
  44                                    -> kmem_cache_alloc_debug 
  44                                      -> verify_and_copy_pattern 
  44                                      <- verify_and_copy_pattern 
  44                                      -> getpcstack 
  44                                      <- getpcstack 
  44                                      -> kmem_log_enter 
  44                                      <- kmem_log_enter 
  44                                    <- kmem_cache_alloc_debug 
  44                                  <- kmem_cache_alloc 
  44                                  -> mutex_vector_enter 
  44                                  <- mutex_vector_enter 
  44                                <- ndi_fmc_insert 
  44                                -> mutex_vector_exit 
  44                                <- mutex_vector_exit 
  44                              <- px_dma_allocmp 
  44                              -> px_dbg    
  44                              <- px_dbg    
  44                              -> px_dma_attr2hdl 
  44                                -> px_dbg  
  44                                <- px_dbg  
  44                                -> px_dbg  
  44                                <- px_dbg  
  44                                -> px_dbg  
  44                                <- px_dbg  
  44                                -> px_dbg  
  44                                <- px_dbg  
  44                              <- px_dma_attr2hdl 
  44                            <- px_dma_allochdl 
  44                          <- ddi_dma_alloc_handle 
  44                          -> scsi_hba_pkt_setup_rsp_dma 
  44                            -> scsi_hba_dma_rsp_alloc 
  44                              -> scsi_hba_dma_vmem_alloc_common 
  44                                -> vmem_xalloc 
  44                                  -> lowbit 
  44                                  <- lowbit 
  44                                  -> vmem_seg_alloc 
  44                                    -> vmem_freelist_delete 
  44                                    <- vmem_freelist_delete 
  44                                    -> vmem_seg_create 
  44                                      -> vmem_getseg 
  44                                      <- vmem_getseg 
  44                                    <- vmem_seg_create 
  44                                    -> vmem_freelist_insert 
  44                                      -> highbit 
  44                                      <- highbit 
  44                                    <- vmem_freelist_insert 
  44                                    -> cv_broadcast 
  44                                    <- cv_broadcast 
  44                                    -> vmem_hash_insert 
  44                                      -> getpcstack 
  44                                      <- getpcstack 
  44                                    <- vmem_hash_insert 
  44                                  <- vmem_seg_alloc 
  44                                <- vmem_xalloc 
  44                              <- scsi_hba_dma_vmem_alloc_common 
  44                            <- scsi_hba_dma_rsp_alloc 
  44                            -> scsi_hba_dma_vaddr2cookie 
  44                            <- scsi_hba_dma_vaddr2cookie 
  44                          <- scsi_hba_pkt_setup_rsp_dma 
  44                        <- scsi_cache_pkt_constructor 
  44                        -> getpcstack      
  44                        <- getpcstack      
  44                        -> kmem_log_enter  
  44                        <- kmem_log_enter  
  44                      <- kmem_cache_alloc_debug 
  44                    <- kmem_cache_alloc    
  44                    -> mptsas_scsi_setup_pkt 
  44                      -> scsi_pkt2rsp_dma_cookie 
  44                      <- scsi_pkt2rsp_dma_cookie 
  44                      -> scsi_pkt2rsp_dma_vaddr 
  44                      <- scsi_pkt2rsp_dma_vaddr 
  44                      -> scsi_pkt2rsp_dma_acc_hdl 
  44                      <- scsi_pkt2rsp_dma_acc_hdl 
  44                      -> scsi_pkt2rsp_dma_handle 
  44                      <- scsi_pkt2rsp_dma_handle 
  44                    <- mptsas_scsi_setup_pkt 
  44                  <- scsi_cache_init_pkt   
  44                <- scsi_init_pkt           
  44              <- vhci_bind_transport       
  44              -> vhci_update_pHCI_pkt      
  44              <- vhci_update_pHCI_pkt      
  44              -> mdi_pi_get_vhci_private   
  44              <- mdi_pi_get_vhci_private   
  44              -> scsi_pkt_allocated_correctly 
  44                -> ddi_driver_major        
  44                <- ddi_driver_major        
  44              <- scsi_pkt_allocated_correctly 
  44              -> mdi_pi_get_path_instance  
  44              <- mdi_pi_get_path_instance  
  44              -> scsi_address_device       
  44              <- scsi_address_device       
  44              -> scsi_device_state_generation 
  44              <- scsi_device_state_generation 
  44              -> mdi_pi_kstat_queueupdate  
  44              <- mdi_pi_kstat_queueupdate  
  44              -> scsi_transport            
  44                -> ddi_driver_major        
  44                <- ddi_driver_major        
  44                -> scsi_pkt_allocated_correctly 
  44                  -> ddi_driver_major      
  44                  <- ddi_driver_major      
  44                <- scsi_pkt_allocated_correctly 
  44                -> scsi_address_device     
  44                <- scsi_address_device     
  44                -> scsi_device_pending_unconfig 
  44                <- scsi_device_pending_unconfig 
  44                -> dam_addrid_pending_uncfg 
  44                  -> bitset_in_set         
  44                  <- bitset_in_set         
  44                <- dam_addrid_pending_uncfg 
  44                -> scsi_pkt2bp             
  44                <- scsi_pkt2bp             
  44              <- scsi_transport            
  44              -> mptsas_scsi_start         
  44                -> mptsas_addr_to_tgt      
  44                  -> scsi_address_device   
  44                  <- scsi_address_device   
  44                  -> scsi_device_hba_private_get 
  44                  <- scsi_device_hba_private_get 
  44                <- mptsas_addr_to_tgt      
  44              <- mptsas_scsi_start         
  44              -> mptsas_accept_pkt         
  44                -> mptsas_save_cmd         
  44                  -> list_head             
  44                  <- list_head             
  44                  -> list_remove           
  44                  <- list_remove           
  44                <- mptsas_save_cmd         
  44                -> mptsas_start_cmd        
  44                  -> mptsas_check_dma_handle 
  44                    -> ddi_fm_dma_err_get  
  44                    <- ddi_fm_dma_err_get  
  44                  <- mptsas_check_dma_handle 
  44                  -> mptsas_check_acc_handle 
  44                    -> ddi_fm_acc_err_get  
  44                    <- ddi_fm_acc_err_get  
  44                  <- mptsas_check_acc_handle 
  44                <- mptsas_start_cmd        
  44              <- mptsas_accept_pkt         
  44            <- vhci_scsi_start             
  44            -> sd_log_trace                
  44            <- sd_log_trace                
  44            -> ddi_in_panic                
  44            <- ddi_in_panic                
  44            -> sd_log_trace                
  44            <- sd_log_trace                
  44            -> mutex_owned                 
  44            <- mutex_owned                 
  44          <- sd_start_cmds                 
  44          -> sd_log_trace                  
  44          <- sd_log_trace                  
  44        <- sd_core_iostart                 
  44        -> sd_log_trace                    
  44        <- sd_log_trace                    
  44        -> sd_log_trace                    
  44        <- sd_log_trace                    
  44      <- sd_uscsi_strategy                 
  44    <- sd_send_scsi_SYNCHRONIZE_CACHE      
  44    -> sd_ssc_free                         
  44      -> scsi_uscsi_free                   
  44      <- scsi_uscsi_free                   
  44      -> kmem_free                         
  44      <- kmem_free                         
  44      -> kmem_cache_free                   
  44        -> kmem_cache_free_debug           
  44          -> kmem_log_enter                
  44          <- kmem_log_enter                
  44          -> getpcstack                    
  44          <- getpcstack                    
  44          -> kmem_log_enter                
  44          <- kmem_log_enter                
  44          -> copy_pattern                  
  44          <- copy_pattern                  
  44        <- kmem_cache_free_debug           
  44      <- kmem_cache_free                   
  44    <- sd_ssc_free                         
  44    -> kmem_free                           
  44    <- kmem_free                           
  44    -> kmem_cache_free                     
  44      -> kmem_cache_free_debug             
  44        -> kmem_log_enter                  
  44        <- kmem_log_enter                  
  44        -> getpcstack                      
  44        <- getpcstack                      
  44        -> kmem_log_enter                  
  44        <- kmem_log_enter                  
  44        -> copy_pattern                    
  44        <- copy_pattern                    
  44      <- kmem_cache_free_debug             
  44    <- kmem_cache_free                     
  44    -> sd_log_trace                        
  44    <- sd_log_trace                        
  44   | sdioctl:return                        
  44  <- sdioctl
----------------------------------------------------

